<?xml version="1.0" encoding="UTF-8"?>
<robot generator="Robot 4.1.2 (Python 3.10.0 on win32)" generated="20211019 23:49:06.827" rpa="false" schemaversion="2">
<suite id="s1" name="Teste" source="C:\Users\T-GAMER\Desktop\thiagobkn\PV\GIt hub\Prime\prime_expert\aula\results\teste.robot">
<kw name="Log To Console" library="BuiltIn" type="SETUP">
<arg>Iniciando Testes</arg>
<doc>Logs the given message to the console.</doc>
<status status="PASS" starttime="20211019 23:49:06.885" endtime="20211019 23:49:06.886"/>
</kw>
<test id="s1-t1" name="Registro">
<kw name="Log To Console" library="BuiltIn" type="SETUP">
<arg>Testando ${TEST_NAME}</arg>
<doc>Logs the given message to the console.</doc>
<status status="PASS" starttime="20211019 23:49:06.889" endtime="20211019 23:49:06.892"/>
</kw>
<kw name="Log To Console" library="BuiltIn">
<arg>\nNome: ${pessoa1.nome}</arg>
<doc>Logs the given message to the console.</doc>
<status status="PASS" starttime="20211019 23:49:06.893" endtime="20211019 23:49:06.894"/>
</kw>
<kw name="Log To Console" library="BuiltIn">
<arg>Sobrenome: ${pessoa1.sobrenome}</arg>
<doc>Logs the given message to the console.</doc>
<status status="PASS" starttime="20211019 23:49:06.895" endtime="20211019 23:49:06.896"/>
</kw>
<kw name="Log To Console" library="BuiltIn">
<arg>Idade: ${pessoa1.idade}</arg>
<doc>Logs the given message to the console.</doc>
<status status="PASS" starttime="20211019 23:49:06.896" endtime="20211019 23:49:06.897"/>
</kw>
<kw name="Log To Console" library="BuiltIn">
<arg>Gênero: ${pessoa1.genero}</arg>
<doc>Logs the given message to the console.</doc>
<status status="PASS" starttime="20211019 23:49:06.897" endtime="20211019 23:49:06.898"/>
</kw>
<kw name="Log To Console" library="BuiltIn">
<arg>Data de nascimento: ${pessoa1.data_de_nascimento}</arg>
<doc>Logs the given message to the console.</doc>
<status status="PASS" starttime="20211019 23:49:06.898" endtime="20211019 23:49:06.899"/>
</kw>
<kw name="Log To Console" library="BuiltIn">
<arg>Comida favorita: ${pessoa1.comida_favorita}</arg>
<doc>Logs the given message to the console.</doc>
<status status="PASS" starttime="20211019 23:49:06.900" endtime="20211019 23:49:06.901"/>
</kw>
<kw name="Log To Console" library="BuiltIn" type="TEARDOWN">
<arg>Finalizando ${TEST_NAME}</arg>
<doc>Logs the given message to the console.</doc>
<status status="PASS" starttime="20211019 23:49:06.902" endtime="20211019 23:49:06.902"/>
</kw>
<tag>Registro</tag>
<status status="PASS" starttime="20211019 23:49:06.887" endtime="20211019 23:49:06.903"/>
</test>
<test id="s1-t2" name="Compras">
<kw name="Log To Console" library="BuiltIn" type="SETUP">
<arg>Testando ${TEST_NAME}</arg>
<doc>Logs the given message to the console.</doc>
<status status="PASS" starttime="20211019 23:49:06.904" endtime="20211019 23:49:06.905"/>
</kw>
<kw name="Log To Console" library="BuiltIn">
<arg>\n${Frutas[0]}</arg>
<doc>Logs the given message to the console.</doc>
<status status="PASS" starttime="20211019 23:49:06.905" endtime="20211019 23:49:06.907"/>
</kw>
<kw name="Log To Console" library="BuiltIn">
<arg>${Frutas[1]}</arg>
<doc>Logs the given message to the console.</doc>
<status status="PASS" starttime="20211019 23:49:06.907" endtime="20211019 23:49:06.908"/>
</kw>
<kw name="Log To Console" library="BuiltIn">
<arg>${Frutas[2]}</arg>
<doc>Logs the given message to the console.</doc>
<status status="PASS" starttime="20211019 23:49:06.909" endtime="20211019 23:49:06.910"/>
</kw>
<kw name="Log To Console" library="BuiltIn">
<arg>${Frutas[3]}</arg>
<doc>Logs the given message to the console.</doc>
<status status="PASS" starttime="20211019 23:49:06.910" endtime="20211019 23:49:06.911"/>
</kw>
<kw name="Log To Console" library="BuiltIn">
<arg>${Frutas[4]}</arg>
<doc>Logs the given message to the console.</doc>
<status status="PASS" starttime="20211019 23:49:06.911" endtime="20211019 23:49:06.912"/>
</kw>
<kw name="Log To Console" library="BuiltIn" type="TEARDOWN">
<arg>Finalizando ${TEST_NAME}</arg>
<doc>Logs the given message to the console.</doc>
<status status="PASS" starttime="20211019 23:49:06.912" endtime="20211019 23:49:06.913"/>
</kw>
<tag>Compras</tag>
<status status="PASS" starttime="20211019 23:49:06.904" endtime="20211019 23:49:06.913"/>
</test>
<test id="s1-t3" name="E-mail">
<kw name="Log To Console" library="BuiltIn" type="SETUP">
<arg>Testando ${TEST_NAME}</arg>
<doc>Logs the given message to the console.</doc>
<status status="PASS" starttime="20211019 23:49:06.914" endtime="20211019 23:49:06.915"/>
</kw>
<kw name="criação do email" library="Exercicio3">
<var>${email}</var>
<arg>${pessoa3.nome}</arg>
<arg>${pessoa3.sobrenome}</arg>
<arg>${pessoa3.idade}</arg>
<arg>${pessoa3.base_email}</arg>
<msg timestamp="20211019 23:49:06.918" level="INFO">${email} = thiago_bassakin_21@robot.com</msg>
<status status="PASS" starttime="20211019 23:49:06.915" endtime="20211019 23:49:06.919"/>
</kw>
<kw name="Log To Console" library="BuiltIn">
<arg>\n${email}</arg>
<doc>Logs the given message to the console.</doc>
<status status="PASS" starttime="20211019 23:49:06.919" endtime="20211019 23:49:06.921"/>
</kw>
<kw name="Log To Console" library="BuiltIn" type="TEARDOWN">
<arg>Finalizando ${TEST_NAME}</arg>
<doc>Logs the given message to the console.</doc>
<status status="PASS" starttime="20211019 23:49:06.922" endtime="20211019 23:49:06.923"/>
</kw>
<tag>E-mail</tag>
<status status="PASS" starttime="20211019 23:49:06.914" endtime="20211019 23:49:06.923"/>
</test>
<test id="s1-t4" name="Resultado">
<kw name="Log To Console" library="BuiltIn" type="SETUP">
<arg>Testando ${TEST_NAME}</arg>
<doc>Logs the given message to the console.</doc>
<status status="PASS" starttime="20211019 23:49:06.925" endtime="20211019 23:49:06.926"/>
</kw>
<kw name="contar de 0 a 9" library="Exercicio4">
<kw name="Log To Console" library="BuiltIn">
<arg>iniciando o loop</arg>
<doc>Logs the given message to the console.</doc>
<status status="PASS" starttime="20211019 23:49:06.927" endtime="20211019 23:49:06.927"/>
</kw>
<for flavor="IN RANGE">
<var>${count}</var>
<value>0</value>
<value>9</value>
<iter>
<var name="${count}">0</var>
<kw name="Log To Console" library="BuiltIn">
<arg>${count}</arg>
<doc>Logs the given message to the console.</doc>
<status status="PASS" starttime="20211019 23:49:06.928" endtime="20211019 23:49:06.929"/>
</kw>
<status status="PASS" starttime="20211019 23:49:06.928" endtime="20211019 23:49:06.929"/>
</iter>
<iter>
<var name="${count}">1</var>
<kw name="Log To Console" library="BuiltIn">
<arg>${count}</arg>
<doc>Logs the given message to the console.</doc>
<status status="PASS" starttime="20211019 23:49:06.929" endtime="20211019 23:49:06.930"/>
</kw>
<status status="PASS" starttime="20211019 23:49:06.929" endtime="20211019 23:49:06.930"/>
</iter>
<iter>
<var name="${count}">2</var>
<kw name="Log To Console" library="BuiltIn">
<arg>${count}</arg>
<doc>Logs the given message to the console.</doc>
<status status="PASS" starttime="20211019 23:49:06.930" endtime="20211019 23:49:06.931"/>
</kw>
<status status="PASS" starttime="20211019 23:49:06.930" endtime="20211019 23:49:06.931"/>
</iter>
<iter>
<var name="${count}">3</var>
<kw name="Log To Console" library="BuiltIn">
<arg>${count}</arg>
<doc>Logs the given message to the console.</doc>
<status status="PASS" starttime="20211019 23:49:06.931" endtime="20211019 23:49:06.931"/>
</kw>
<status status="PASS" starttime="20211019 23:49:06.931" endtime="20211019 23:49:06.931"/>
</iter>
<iter>
<var name="${count}">4</var>
<kw name="Log To Console" library="BuiltIn">
<arg>${count}</arg>
<doc>Logs the given message to the console.</doc>
<status status="PASS" starttime="20211019 23:49:06.932" endtime="20211019 23:49:06.932"/>
</kw>
<status status="PASS" starttime="20211019 23:49:06.932" endtime="20211019 23:49:06.932"/>
</iter>
<iter>
<var name="${count}">5</var>
<kw name="Log To Console" library="BuiltIn">
<arg>${count}</arg>
<doc>Logs the given message to the console.</doc>
<status status="PASS" starttime="20211019 23:49:06.932" endtime="20211019 23:49:06.933"/>
</kw>
<status status="PASS" starttime="20211019 23:49:06.932" endtime="20211019 23:49:06.933"/>
</iter>
<iter>
<var name="${count}">6</var>
<kw name="Log To Console" library="BuiltIn">
<arg>${count}</arg>
<doc>Logs the given message to the console.</doc>
<status status="PASS" starttime="20211019 23:49:06.933" endtime="20211019 23:49:06.934"/>
</kw>
<status status="PASS" starttime="20211019 23:49:06.933" endtime="20211019 23:49:06.934"/>
</iter>
<iter>
<var name="${count}">7</var>
<kw name="Log To Console" library="BuiltIn">
<arg>${count}</arg>
<doc>Logs the given message to the console.</doc>
<status status="PASS" starttime="20211019 23:49:06.934" endtime="20211019 23:49:06.934"/>
</kw>
<status status="PASS" starttime="20211019 23:49:06.934" endtime="20211019 23:49:06.935"/>
</iter>
<iter>
<var name="${count}">8</var>
<kw name="Log To Console" library="BuiltIn">
<arg>${count}</arg>
<doc>Logs the given message to the console.</doc>
<status status="PASS" starttime="20211019 23:49:06.935" endtime="20211019 23:49:06.935"/>
</kw>
<status status="PASS" starttime="20211019 23:49:06.935" endtime="20211019 23:49:06.935"/>
</iter>
<status status="PASS" starttime="20211019 23:49:06.927" endtime="20211019 23:49:06.935"/>
</for>
<kw name="Log To Console" library="BuiltIn">
<arg>finalizando o loop</arg>
<doc>Logs the given message to the console.</doc>
<status status="PASS" starttime="20211019 23:49:06.935" endtime="20211019 23:49:06.936"/>
</kw>
<status status="PASS" starttime="20211019 23:49:06.926" endtime="20211019 23:49:06.936"/>
</kw>
<kw name="Log To Console" library="BuiltIn" type="TEARDOWN">
<arg>Finalizando ${TEST_NAME}</arg>
<doc>Logs the given message to the console.</doc>
<status status="PASS" starttime="20211019 23:49:06.937" endtime="20211019 23:49:06.937"/>
</kw>
<tag>Resultado</tag>
<status status="PASS" starttime="20211019 23:49:06.924" endtime="20211019 23:49:06.938"/>
</test>
<test id="s1-t5" name="Paises">
<kw name="Log To Console" library="BuiltIn" type="SETUP">
<arg>Testando ${TEST_NAME}</arg>
<doc>Logs the given message to the console.</doc>
<status status="PASS" starttime="20211019 23:49:06.941" endtime="20211019 23:49:06.942"/>
</kw>
<kw name="paises" library="Exercicio5">
<for flavor="IN">
<var>${paises}</var>
<value>@{paises}</value>
<iter>
<var name="${paises}">Brasil</var>
<kw name="Log To Console" library="BuiltIn">
<arg>\n${paises}</arg>
<doc>Logs the given message to the console.</doc>
<status status="PASS" starttime="20211019 23:49:06.943" endtime="20211019 23:49:06.943"/>
</kw>
<status status="PASS" starttime="20211019 23:49:06.943" endtime="20211019 23:49:06.943"/>
</iter>
<iter>
<var name="${paises}">USA</var>
<kw name="Log To Console" library="BuiltIn">
<arg>\n${paises}</arg>
<doc>Logs the given message to the console.</doc>
<status status="PASS" starttime="20211019 23:49:06.944" endtime="20211019 23:49:06.944"/>
</kw>
<status status="PASS" starttime="20211019 23:49:06.944" endtime="20211019 23:49:06.944"/>
</iter>
<iter>
<var name="${paises}">Canada</var>
<kw name="Log To Console" library="BuiltIn">
<arg>\n${paises}</arg>
<doc>Logs the given message to the console.</doc>
<status status="PASS" starttime="20211019 23:49:06.945" endtime="20211019 23:49:06.945"/>
</kw>
<status status="PASS" starttime="20211019 23:49:06.944" endtime="20211019 23:49:06.945"/>
</iter>
<iter>
<var name="${paises}">Alemanha</var>
<kw name="Log To Console" library="BuiltIn">
<arg>\n${paises}</arg>
<doc>Logs the given message to the console.</doc>
<status status="PASS" starttime="20211019 23:49:06.946" endtime="20211019 23:49:06.946"/>
</kw>
<status status="PASS" starttime="20211019 23:49:06.945" endtime="20211019 23:49:06.946"/>
</iter>
<iter>
<var name="${paises}">Russia</var>
<kw name="Log To Console" library="BuiltIn">
<arg>\n${paises}</arg>
<doc>Logs the given message to the console.</doc>
<status status="PASS" starttime="20211019 23:49:06.947" endtime="20211019 23:49:06.947"/>
</kw>
<status status="PASS" starttime="20211019 23:49:06.946" endtime="20211019 23:49:06.947"/>
</iter>
<status status="PASS" starttime="20211019 23:49:06.943" endtime="20211019 23:49:06.947"/>
</for>
<status status="PASS" starttime="20211019 23:49:06.942" endtime="20211019 23:49:06.947"/>
</kw>
<kw name="Log To Console" library="BuiltIn" type="TEARDOWN">
<arg>Finalizando ${TEST_NAME}</arg>
<doc>Logs the given message to the console.</doc>
<status status="PASS" starttime="20211019 23:49:06.948" endtime="20211019 23:49:06.949"/>
</kw>
<tag>Paises</tag>
<status status="PASS" starttime="20211019 23:49:06.940" endtime="20211019 23:49:06.949"/>
</test>
<test id="s1-t6" name="Roleta de numeros">
<kw name="Log To Console" library="BuiltIn" type="SETUP">
<arg>Testando ${TEST_NAME}</arg>
<doc>Logs the given message to the console.</doc>
<status status="PASS" starttime="20211019 23:49:06.951" endtime="20211019 23:49:06.952"/>
</kw>
<kw name="acertando o numero" library="Exercicio6">
<kw name="Log To Console" library="BuiltIn">
<arg>\n</arg>
<doc>Logs the given message to the console.</doc>
<status status="PASS" starttime="20211019 23:49:06.953" endtime="20211019 23:49:06.954"/>
</kw>
<for flavor="IN RANGE">
<var>${count}</var>
<value>0</value>
<value>10</value>
<iter>
<var name="${count}">0</var>
<if>
<branch type="IF" condition="'${count}'=='5'">
<kw name="Log To Console" library="BuiltIn">
<arg>acertei o numero: 5</arg>
<doc>Logs the given message to the console.</doc>
<status status="NOT RUN" starttime="20211019 23:49:06.955" endtime="20211019 23:49:06.955"/>
</kw>
<status status="NOT RUN" starttime="20211019 23:49:06.955" endtime="20211019 23:49:06.955"/>
</branch>
<branch type="ELSE IF" condition="'${count}'=='8'">
<kw name="Log To Console" library="BuiltIn">
<arg>acertei o numero: 8</arg>
<doc>Logs the given message to the console.</doc>
<status status="NOT RUN" starttime="20211019 23:49:06.955" endtime="20211019 23:49:06.955"/>
</kw>
<status status="NOT RUN" starttime="20211019 23:49:06.955" endtime="20211019 23:49:06.955"/>
</branch>
<branch type="ELSE">
<kw name="Log To Console" library="BuiltIn">
<arg>errei... mas tenho o numero: ${count}</arg>
<doc>Logs the given message to the console.</doc>
<status status="PASS" starttime="20211019 23:49:06.956" endtime="20211019 23:49:06.956"/>
</kw>
<status status="PASS" starttime="20211019 23:49:06.956" endtime="20211019 23:49:06.956"/>
</branch>
<status status="PASS" starttime="20211019 23:49:06.955" endtime="20211019 23:49:06.956"/>
</if>
<status status="PASS" starttime="20211019 23:49:06.954" endtime="20211019 23:49:06.957"/>
</iter>
<iter>
<var name="${count}">1</var>
<if>
<branch type="IF" condition="'${count}'=='5'">
<kw name="Log To Console" library="BuiltIn">
<arg>acertei o numero: 5</arg>
<doc>Logs the given message to the console.</doc>
<status status="NOT RUN" starttime="20211019 23:49:06.957" endtime="20211019 23:49:06.957"/>
</kw>
<status status="NOT RUN" starttime="20211019 23:49:06.957" endtime="20211019 23:49:06.958"/>
</branch>
<branch type="ELSE IF" condition="'${count}'=='8'">
<kw name="Log To Console" library="BuiltIn">
<arg>acertei o numero: 8</arg>
<doc>Logs the given message to the console.</doc>
<status status="NOT RUN" starttime="20211019 23:49:06.958" endtime="20211019 23:49:06.958"/>
</kw>
<status status="NOT RUN" starttime="20211019 23:49:06.958" endtime="20211019 23:49:06.958"/>
</branch>
<branch type="ELSE">
<kw name="Log To Console" library="BuiltIn">
<arg>errei... mas tenho o numero: ${count}</arg>
<doc>Logs the given message to the console.</doc>
<status status="PASS" starttime="20211019 23:49:06.958" endtime="20211019 23:49:06.959"/>
</kw>
<status status="PASS" starttime="20211019 23:49:06.958" endtime="20211019 23:49:06.959"/>
</branch>
<status status="PASS" starttime="20211019 23:49:06.957" endtime="20211019 23:49:06.959"/>
</if>
<status status="PASS" starttime="20211019 23:49:06.957" endtime="20211019 23:49:06.959"/>
</iter>
<iter>
<var name="${count}">2</var>
<if>
<branch type="IF" condition="'${count}'=='5'">
<kw name="Log To Console" library="BuiltIn">
<arg>acertei o numero: 5</arg>
<doc>Logs the given message to the console.</doc>
<status status="NOT RUN" starttime="20211019 23:49:06.960" endtime="20211019 23:49:06.960"/>
</kw>
<status status="NOT RUN" starttime="20211019 23:49:06.960" endtime="20211019 23:49:06.960"/>
</branch>
<branch type="ELSE IF" condition="'${count}'=='8'">
<kw name="Log To Console" library="BuiltIn">
<arg>acertei o numero: 8</arg>
<doc>Logs the given message to the console.</doc>
<status status="NOT RUN" starttime="20211019 23:49:06.960" endtime="20211019 23:49:06.960"/>
</kw>
<status status="NOT RUN" starttime="20211019 23:49:06.960" endtime="20211019 23:49:06.960"/>
</branch>
<branch type="ELSE">
<kw name="Log To Console" library="BuiltIn">
<arg>errei... mas tenho o numero: ${count}</arg>
<doc>Logs the given message to the console.</doc>
<status status="PASS" starttime="20211019 23:49:06.960" endtime="20211019 23:49:06.961"/>
</kw>
<status status="PASS" starttime="20211019 23:49:06.960" endtime="20211019 23:49:06.961"/>
</branch>
<status status="PASS" starttime="20211019 23:49:06.959" endtime="20211019 23:49:06.961"/>
</if>
<status status="PASS" starttime="20211019 23:49:06.959" endtime="20211019 23:49:06.961"/>
</iter>
<iter>
<var name="${count}">3</var>
<if>
<branch type="IF" condition="'${count}'=='5'">
<kw name="Log To Console" library="BuiltIn">
<arg>acertei o numero: 5</arg>
<doc>Logs the given message to the console.</doc>
<status status="NOT RUN" starttime="20211019 23:49:06.961" endtime="20211019 23:49:06.962"/>
</kw>
<status status="NOT RUN" starttime="20211019 23:49:06.961" endtime="20211019 23:49:06.962"/>
</branch>
<branch type="ELSE IF" condition="'${count}'=='8'">
<kw name="Log To Console" library="BuiltIn">
<arg>acertei o numero: 8</arg>
<doc>Logs the given message to the console.</doc>
<status status="NOT RUN" starttime="20211019 23:49:06.962" endtime="20211019 23:49:06.962"/>
</kw>
<status status="NOT RUN" starttime="20211019 23:49:06.962" endtime="20211019 23:49:06.962"/>
</branch>
<branch type="ELSE">
<kw name="Log To Console" library="BuiltIn">
<arg>errei... mas tenho o numero: ${count}</arg>
<doc>Logs the given message to the console.</doc>
<status status="PASS" starttime="20211019 23:49:06.962" endtime="20211019 23:49:06.962"/>
</kw>
<status status="PASS" starttime="20211019 23:49:06.962" endtime="20211019 23:49:06.962"/>
</branch>
<status status="PASS" starttime="20211019 23:49:06.961" endtime="20211019 23:49:06.962"/>
</if>
<status status="PASS" starttime="20211019 23:49:06.961" endtime="20211019 23:49:06.963"/>
</iter>
<iter>
<var name="${count}">4</var>
<if>
<branch type="IF" condition="'${count}'=='5'">
<kw name="Log To Console" library="BuiltIn">
<arg>acertei o numero: 5</arg>
<doc>Logs the given message to the console.</doc>
<status status="NOT RUN" starttime="20211019 23:49:06.963" endtime="20211019 23:49:06.963"/>
</kw>
<status status="NOT RUN" starttime="20211019 23:49:06.963" endtime="20211019 23:49:06.963"/>
</branch>
<branch type="ELSE IF" condition="'${count}'=='8'">
<kw name="Log To Console" library="BuiltIn">
<arg>acertei o numero: 8</arg>
<doc>Logs the given message to the console.</doc>
<status status="NOT RUN" starttime="20211019 23:49:06.963" endtime="20211019 23:49:06.963"/>
</kw>
<status status="NOT RUN" starttime="20211019 23:49:06.963" endtime="20211019 23:49:06.963"/>
</branch>
<branch type="ELSE">
<kw name="Log To Console" library="BuiltIn">
<arg>errei... mas tenho o numero: ${count}</arg>
<doc>Logs the given message to the console.</doc>
<status status="PASS" starttime="20211019 23:49:06.963" endtime="20211019 23:49:06.964"/>
</kw>
<status status="PASS" starttime="20211019 23:49:06.963" endtime="20211019 23:49:06.964"/>
</branch>
<status status="PASS" starttime="20211019 23:49:06.963" endtime="20211019 23:49:06.964"/>
</if>
<status status="PASS" starttime="20211019 23:49:06.963" endtime="20211019 23:49:06.964"/>
</iter>
<iter>
<var name="${count}">5</var>
<if>
<branch type="IF" condition="'${count}'=='5'">
<kw name="Log To Console" library="BuiltIn">
<arg>acertei o numero: 5</arg>
<doc>Logs the given message to the console.</doc>
<status status="PASS" starttime="20211019 23:49:06.964" endtime="20211019 23:49:06.965"/>
</kw>
<status status="PASS" starttime="20211019 23:49:06.964" endtime="20211019 23:49:06.965"/>
</branch>
<branch type="ELSE IF" condition="'${count}'=='8'">
<kw name="Log To Console" library="BuiltIn">
<arg>acertei o numero: 8</arg>
<doc>Logs the given message to the console.</doc>
<status status="NOT RUN" starttime="20211019 23:49:06.965" endtime="20211019 23:49:06.965"/>
</kw>
<status status="NOT RUN" starttime="20211019 23:49:06.965" endtime="20211019 23:49:06.965"/>
</branch>
<branch type="ELSE">
<kw name="Log To Console" library="BuiltIn">
<arg>errei... mas tenho o numero: ${count}</arg>
<doc>Logs the given message to the console.</doc>
<status status="NOT RUN" starttime="20211019 23:49:06.966" endtime="20211019 23:49:06.966"/>
</kw>
<status status="NOT RUN" starttime="20211019 23:49:06.965" endtime="20211019 23:49:06.966"/>
</branch>
<status status="PASS" starttime="20211019 23:49:06.964" endtime="20211019 23:49:06.966"/>
</if>
<status status="PASS" starttime="20211019 23:49:06.964" endtime="20211019 23:49:06.966"/>
</iter>
<iter>
<var name="${count}">6</var>
<if>
<branch type="IF" condition="'${count}'=='5'">
<kw name="Log To Console" library="BuiltIn">
<arg>acertei o numero: 5</arg>
<doc>Logs the given message to the console.</doc>
<status status="NOT RUN" starttime="20211019 23:49:06.966" endtime="20211019 23:49:06.966"/>
</kw>
<status status="NOT RUN" starttime="20211019 23:49:06.966" endtime="20211019 23:49:06.966"/>
</branch>
<branch type="ELSE IF" condition="'${count}'=='8'">
<kw name="Log To Console" library="BuiltIn">
<arg>acertei o numero: 8</arg>
<doc>Logs the given message to the console.</doc>
<status status="NOT RUN" starttime="20211019 23:49:06.967" endtime="20211019 23:49:06.967"/>
</kw>
<status status="NOT RUN" starttime="20211019 23:49:06.967" endtime="20211019 23:49:06.967"/>
</branch>
<branch type="ELSE">
<kw name="Log To Console" library="BuiltIn">
<arg>errei... mas tenho o numero: ${count}</arg>
<doc>Logs the given message to the console.</doc>
<status status="PASS" starttime="20211019 23:49:06.967" endtime="20211019 23:49:06.968"/>
</kw>
<status status="PASS" starttime="20211019 23:49:06.967" endtime="20211019 23:49:06.968"/>
</branch>
<status status="PASS" starttime="20211019 23:49:06.966" endtime="20211019 23:49:06.968"/>
</if>
<status status="PASS" starttime="20211019 23:49:06.966" endtime="20211019 23:49:06.968"/>
</iter>
<iter>
<var name="${count}">7</var>
<if>
<branch type="IF" condition="'${count}'=='5'">
<kw name="Log To Console" library="BuiltIn">
<arg>acertei o numero: 5</arg>
<doc>Logs the given message to the console.</doc>
<status status="NOT RUN" starttime="20211019 23:49:06.969" endtime="20211019 23:49:06.969"/>
</kw>
<status status="NOT RUN" starttime="20211019 23:49:06.969" endtime="20211019 23:49:06.969"/>
</branch>
<branch type="ELSE IF" condition="'${count}'=='8'">
<kw name="Log To Console" library="BuiltIn">
<arg>acertei o numero: 8</arg>
<doc>Logs the given message to the console.</doc>
<status status="NOT RUN" starttime="20211019 23:49:06.969" endtime="20211019 23:49:06.969"/>
</kw>
<status status="NOT RUN" starttime="20211019 23:49:06.969" endtime="20211019 23:49:06.969"/>
</branch>
<branch type="ELSE">
<kw name="Log To Console" library="BuiltIn">
<arg>errei... mas tenho o numero: ${count}</arg>
<doc>Logs the given message to the console.</doc>
<status status="PASS" starttime="20211019 23:49:06.970" endtime="20211019 23:49:06.970"/>
</kw>
<status status="PASS" starttime="20211019 23:49:06.969" endtime="20211019 23:49:06.971"/>
</branch>
<status status="PASS" starttime="20211019 23:49:06.968" endtime="20211019 23:49:06.971"/>
</if>
<status status="PASS" starttime="20211019 23:49:06.968" endtime="20211019 23:49:06.971"/>
</iter>
<iter>
<var name="${count}">8</var>
<if>
<branch type="IF" condition="'${count}'=='5'">
<kw name="Log To Console" library="BuiltIn">
<arg>acertei o numero: 5</arg>
<doc>Logs the given message to the console.</doc>
<status status="NOT RUN" starttime="20211019 23:49:06.971" endtime="20211019 23:49:06.971"/>
</kw>
<status status="NOT RUN" starttime="20211019 23:49:06.971" endtime="20211019 23:49:06.971"/>
</branch>
<branch type="ELSE IF" condition="'${count}'=='8'">
<kw name="Log To Console" library="BuiltIn">
<arg>acertei o numero: 8</arg>
<doc>Logs the given message to the console.</doc>
<status status="PASS" starttime="20211019 23:49:06.972" endtime="20211019 23:49:06.972"/>
</kw>
<status status="PASS" starttime="20211019 23:49:06.972" endtime="20211019 23:49:06.972"/>
</branch>
<branch type="ELSE">
<kw name="Log To Console" library="BuiltIn">
<arg>errei... mas tenho o numero: ${count}</arg>
<doc>Logs the given message to the console.</doc>
<status status="NOT RUN" starttime="20211019 23:49:06.973" endtime="20211019 23:49:06.973"/>
</kw>
<status status="NOT RUN" starttime="20211019 23:49:06.973" endtime="20211019 23:49:06.973"/>
</branch>
<status status="PASS" starttime="20211019 23:49:06.971" endtime="20211019 23:49:06.973"/>
</if>
<status status="PASS" starttime="20211019 23:49:06.971" endtime="20211019 23:49:06.973"/>
</iter>
<iter>
<var name="${count}">9</var>
<if>
<branch type="IF" condition="'${count}'=='5'">
<kw name="Log To Console" library="BuiltIn">
<arg>acertei o numero: 5</arg>
<doc>Logs the given message to the console.</doc>
<status status="NOT RUN" starttime="20211019 23:49:06.974" endtime="20211019 23:49:06.974"/>
</kw>
<status status="NOT RUN" starttime="20211019 23:49:06.974" endtime="20211019 23:49:06.974"/>
</branch>
<branch type="ELSE IF" condition="'${count}'=='8'">
<kw name="Log To Console" library="BuiltIn">
<arg>acertei o numero: 8</arg>
<doc>Logs the given message to the console.</doc>
<status status="NOT RUN" starttime="20211019 23:49:06.974" endtime="20211019 23:49:06.974"/>
</kw>
<status status="NOT RUN" starttime="20211019 23:49:06.974" endtime="20211019 23:49:06.974"/>
</branch>
<branch type="ELSE">
<kw name="Log To Console" library="BuiltIn">
<arg>errei... mas tenho o numero: ${count}</arg>
<doc>Logs the given message to the console.</doc>
<status status="PASS" starttime="20211019 23:49:06.974" endtime="20211019 23:49:06.975"/>
</kw>
<status status="PASS" starttime="20211019 23:49:06.974" endtime="20211019 23:49:06.975"/>
</branch>
<status status="PASS" starttime="20211019 23:49:06.973" endtime="20211019 23:49:06.975"/>
</if>
<status status="PASS" starttime="20211019 23:49:06.973" endtime="20211019 23:49:06.975"/>
</iter>
<status status="PASS" starttime="20211019 23:49:06.954" endtime="20211019 23:49:06.975"/>
</for>
<status status="PASS" starttime="20211019 23:49:06.952" endtime="20211019 23:49:06.975"/>
</kw>
<kw name="Log To Console" library="BuiltIn" type="TEARDOWN">
<arg>Finalizando ${TEST_NAME}</arg>
<doc>Logs the given message to the console.</doc>
<status status="PASS" starttime="20211019 23:49:06.976" endtime="20211019 23:49:06.976"/>
</kw>
<tag>Roleta Russa</tag>
<status status="PASS" starttime="20211019 23:49:06.950" endtime="20211019 23:49:06.976"/>
</test>
<kw name="Log To Console" library="BuiltIn" type="TEARDOWN">
<arg>Finalizando Testes</arg>
<doc>Logs the given message to the console.</doc>
<status status="PASS" starttime="20211019 23:49:06.978" endtime="20211019 23:49:06.979"/>
</kw>
<status status="PASS" starttime="20211019 23:49:06.829" endtime="20211019 23:49:06.979"/>
</suite>
<statistics>
<total>
<stat pass="6" fail="0" skip="0">All Tests</stat>
</total>
<tag>
<stat pass="1" fail="0" skip="0">Compras</stat>
<stat pass="1" fail="0" skip="0">E-mail</stat>
<stat pass="1" fail="0" skip="0">Paises</stat>
<stat pass="1" fail="0" skip="0">Registro</stat>
<stat pass="1" fail="0" skip="0">Resultado</stat>
<stat pass="1" fail="0" skip="0">Roleta Russa</stat>
</tag>
<suite>
<stat pass="6" fail="0" skip="0" id="s1" name="Teste">Teste</stat>
</suite>
</statistics>
<errors>
</errors>
</robot>
