<?xml version="1.0" encoding="UTF-8"?>
<robot generator="Robot 4.1.2 (Python 3.10.0 on win32)" generated="20211023 18:43:32.785" rpa="false" schemaversion="2">
<suite id="s1" name="Exercicioweb3" source="C:\Users\thiag\Desktop\Thiagobkn\Nova pasta\prime_expert\aula\exercicios web\Web 3\exercicioweb3.robot">
<test id="s1-t1" name="listar produtos">
<kw name="Acessar a Página">
<kw name="Open Browser" library="SeleniumLibrary">
<arg>${URL}</arg>
<arg>${browser}</arg>
<doc>Opens a new browser instance to the optional ``url``.</doc>
<msg timestamp="20211023 18:43:33.027" level="INFO">Opening browser 'chrome' to base url 'http://automationpractice.com/index.php'.</msg>
<status status="PASS" starttime="20211023 18:43:33.026" endtime="20211023 18:43:38.835"/>
</kw>
<status status="PASS" starttime="20211023 18:43:33.026" endtime="20211023 18:43:38.835"/>
</kw>
<kw name="categoria">
<kw name="Mouse Over" library="SeleniumLibrary">
<arg>${locators.category_women}</arg>
<doc>Simulates hovering the mouse over the element ``locator``.</doc>
<msg timestamp="20211023 18:43:38.837" level="INFO">Simulating Mouse Over on element '//a[@title='Women']'.</msg>
<status status="PASS" starttime="20211023 18:43:38.836" endtime="20211023 18:43:39.153"/>
</kw>
<kw name="Wait Until Element Is Visible" library="SeleniumLibrary">
<arg>${locators.category_summer}</arg>
<doc>Waits until the element ``locator`` is visible.</doc>
<status status="PASS" starttime="20211023 18:43:39.153" endtime="20211023 18:43:39.175"/>
</kw>
<status status="PASS" starttime="20211023 18:43:38.835" endtime="20211023 18:43:39.175"/>
</kw>
<kw name="sub categoria">
<kw name="Click Element" library="SeleniumLibrary">
<arg>${locators.category_summer}</arg>
<doc>Click the element identified by ``locator``.</doc>
<msg timestamp="20211023 18:43:39.176" level="INFO">Clicking element '(//a[contains(@title,'Summer Dresses')])[1]'.</msg>
<status status="PASS" starttime="20211023 18:43:39.176" endtime="20211023 18:43:41.153"/>
</kw>
<status status="PASS" starttime="20211023 18:43:39.175" endtime="20211023 18:43:41.153"/>
</kw>
<kw name="verificar">
<kw name="Wait Until Element Is Visible" library="SeleniumLibrary">
<arg>//span[contains(@class,'cat-name')]</arg>
<doc>Waits until the element ``locator`` is visible.</doc>
<status status="PASS" starttime="20211023 18:43:41.155" endtime="20211023 18:43:41.179"/>
</kw>
<kw name="Element Should Be Visible" library="SeleniumLibrary">
<arg>//span[contains(@class,'cat-name')]</arg>
<doc>Verifies that the element identified by ``locator`` is visible.</doc>
<msg timestamp="20211023 18:43:41.190" level="INFO">Element '//span[contains(@class,'cat-name')]' is displayed.</msg>
<status status="PASS" starttime="20211023 18:43:41.179" endtime="20211023 18:43:41.191"/>
</kw>
<status status="PASS" starttime="20211023 18:43:41.154" endtime="20211023 18:43:41.191"/>
</kw>
<status status="PASS" starttime="20211023 18:43:33.025" endtime="20211023 18:43:41.191"/>
</test>
<kw name="Close Browser" library="SeleniumLibrary" type="TEARDOWN">
<doc>Closes the current browser.</doc>
<status status="PASS" starttime="20211023 18:43:41.193" endtime="20211023 18:43:43.326"/>
</kw>
<status status="PASS" starttime="20211023 18:43:32.787" endtime="20211023 18:43:43.326"/>
</suite>
<statistics>
<total>
<stat pass="1" fail="0" skip="0">All Tests</stat>
</total>
<tag>
</tag>
<suite>
<stat pass="1" fail="0" skip="0" id="s1" name="Exercicioweb3">Exercicioweb3</stat>
</suite>
</statistics>
<errors>
</errors>
</robot>
