<?xml version="1.0" encoding="UTF-8"?>
<robot generator="Robot 4.1.2 (Python 3.10.0 on win32)" generated="20211023 16:38:07.856" rpa="false" schemaversion="2">
<suite id="s1" name="Exercicioweb2" source="C:\Users\thiag\Desktop\Thiagobkn\Nova pasta\prime_expert\aula\exercicios web\Web 2\exercicioweb2.robot">
<test id="s1-t1" name="ItemNãoExistente">
<kw name="Abrir">
<kw name="Open Browser" library="SeleniumLibrary">
<arg>${URL}</arg>
<arg>${browser}</arg>
<doc>Opens a new browser instance to the optional ``url``.</doc>
<msg timestamp="20211023 16:38:08.100" level="INFO">Opening browser 'chrome' to base url 'http://automationpractice.com/index.php'.</msg>
<status status="PASS" starttime="20211023 16:38:08.100" endtime="20211023 16:38:14.441"/>
</kw>
<status status="PASS" starttime="20211023 16:38:08.099" endtime="20211023 16:38:14.442"/>
</kw>
<kw name="Pesquisar e clicar">
<kw name="Input Text" library="SeleniumLibrary">
<arg>${locators.search_bar}</arg>
<arg>ItemNãoExistente</arg>
<doc>Types the given ``text`` into the text field identified by ``locator``.</doc>
<msg timestamp="20211023 16:38:14.444" level="INFO">Typing text 'ItemNãoExistente' into text field '//input[@id='search_query_top']'.</msg>
<status status="PASS" starttime="20211023 16:38:14.443" endtime="20211023 16:38:14.522"/>
</kw>
<kw name="Click Element" library="SeleniumLibrary">
<arg>${locators.search_button}</arg>
<doc>Click the element identified by ``locator``.</doc>
<msg timestamp="20211023 16:38:14.523" level="INFO">Clicking element '//button[@name='submit_search']'.</msg>
<status status="PASS" starttime="20211023 16:38:14.522" endtime="20211023 16:38:15.632"/>
</kw>
<status status="PASS" starttime="20211023 16:38:14.442" endtime="20211023 16:38:15.632"/>
</kw>
<kw name="Verificar">
<kw name="Wait Until Element Is Visible" library="SeleniumLibrary">
<arg>//p[contains(@class,'alert alert-warning')]</arg>
<doc>Waits until the element ``locator`` is visible.</doc>
<status status="PASS" starttime="20211023 16:38:15.633" endtime="20211023 16:38:15.656"/>
</kw>
<kw name="Element Should Be Visible" library="SeleniumLibrary">
<arg>//p[contains(@class,'alert alert-warning')]</arg>
<doc>Verifies that the element identified by ``locator`` is visible.</doc>
<msg timestamp="20211023 16:38:15.682" level="INFO">Element '//p[contains(@class,'alert alert-warning')]' is displayed.</msg>
<status status="PASS" starttime="20211023 16:38:15.656" endtime="20211023 16:38:15.682"/>
</kw>
<status status="PASS" starttime="20211023 16:38:15.632" endtime="20211023 16:38:15.683"/>
</kw>
<status status="PASS" starttime="20211023 16:38:08.098" endtime="20211023 16:38:15.683"/>
</test>
<kw name="Close Browser" library="SeleniumLibrary" type="TEARDOWN">
<doc>Closes the current browser.</doc>
<status status="PASS" starttime="20211023 16:38:15.684" endtime="20211023 16:38:17.821"/>
</kw>
<status status="PASS" starttime="20211023 16:38:07.858" endtime="20211023 16:38:17.821"/>
</suite>
<statistics>
<total>
<stat pass="1" fail="0" skip="0">All Tests</stat>
</total>
<tag>
</tag>
<suite>
<stat pass="1" fail="0" skip="0" id="s1" name="Exercicioweb2">Exercicioweb2</stat>
</suite>
</statistics>
<errors>
</errors>
</robot>
