<?xml version="1.0" encoding="UTF-8"?>
<robot generator="Robot 4.1.2 (Python 3.10.0 on win32)" generated="20211018 20:48:00.819" rpa="false" schemaversion="2">
<suite id="s1" name="Batata" source="C:\Users\T-GAMER\Desktop\thiagobkn\PV\GIt hub\Prime\prime_expert\batata.robot">
<test id="s1-t1" name="Potatotest">
<kw name="Log To Console" library="BuiltIn">
<arg>batata é a resposta pra tudo</arg>
<doc>Logs the given message to the console.</doc>
<status status="PASS" starttime="20211018 20:48:00.858" endtime="20211018 20:48:00.858"/>
</kw>
<status status="PASS" starttime="20211018 20:48:00.857" endtime="20211018 20:48:00.858"/>
</test>
<status status="PASS" starttime="20211018 20:48:00.822" endtime="20211018 20:48:00.859"/>
</suite>
<statistics>
<total>
<stat pass="1" fail="0" skip="0">All Tests</stat>
</total>
<tag>
</tag>
<suite>
<stat pass="1" fail="0" skip="0" id="s1" name="Batata">Batata</stat>
</suite>
</statistics>
<errors>
</errors>
</robot>
