<?xml version="1.0" encoding="UTF-8"?>
<robot generator="Robot 4.1.2 (Python 3.10.0 on win32)" generated="20211023 21:54:05.850" rpa="false" schemaversion="2">
<suite id="s1" name="Exercicioweb4" source="C:\Users\thiag\Desktop\Thiagobkn\Nova pasta\prime_expert\aula\exercicios web\Web 4\exercicioweb4.robot">
<test id="s1-t1" name="create account">
<kw name="Acessar a Página">
<kw name="Open Browser" library="SeleniumLibrary">
<arg>${URL}</arg>
<arg>${browser}</arg>
<doc>Opens a new browser instance to the optional ``url``.</doc>
<msg timestamp="20211023 21:54:06.123" level="INFO">Opening browser 'chrome' to base url 'http://automationpractice.com/index.php'.</msg>
<status status="PASS" starttime="20211023 21:54:06.123" endtime="20211023 21:54:13.645"/>
</kw>
<status status="PASS" starttime="20211023 21:54:06.123" endtime="20211023 21:54:13.646"/>
</kw>
<kw name="Sign-in">
<kw name="Click Element" library="SeleniumLibrary">
<arg>${locators.Sing_in}</arg>
<doc>Click the element identified by ``locator``.</doc>
<msg timestamp="20211023 21:54:13.647" level="INFO">Clicking element '//a[contains(@class,'login')]'.</msg>
<status status="PASS" starttime="20211023 21:54:13.646" endtime="20211023 21:54:15.944"/>
</kw>
<status status="PASS" starttime="20211023 21:54:13.646" endtime="20211023 21:54:15.945"/>
</kw>
<kw name="Email">
<kw name="Input Text" library="SeleniumLibrary">
<arg>${locators.Email_bar}</arg>
<arg>${INFO.Email}</arg>
<doc>Types the given ``text`` into the text field identified by ``locator``.</doc>
<msg timestamp="20211023 21:54:15.947" level="INFO">Typing text 'thiagobkn@gmail.com' into text field '//input[@id='email_create']'.</msg>
<status status="PASS" starttime="20211023 21:54:15.946" endtime="20211023 21:54:16.029"/>
</kw>
<kw name="Click Element" library="SeleniumLibrary">
<arg>${locators.Create}</arg>
<doc>Click the element identified by ``locator``.</doc>
<msg timestamp="20211023 21:54:16.030" level="INFO">Clicking element '//*[@id="SubmitCreate"]'.</msg>
<status status="PASS" starttime="20211023 21:54:16.029" endtime="20211023 21:54:16.076"/>
</kw>
<kw name="Wait Until Element Is Visible" library="SeleniumLibrary">
<arg>//*[@id="account-creation_form"]/div[1]/h3</arg>
<doc>Waits until the element ``locator`` is visible.</doc>
<status status="PASS" starttime="20211023 21:54:16.076" endtime="20211023 21:54:17.841"/>
</kw>
<status status="PASS" starttime="20211023 21:54:15.945" endtime="20211023 21:54:17.842"/>
</kw>
<kw name="preencher">
<kw name="Click Element" library="SeleniumLibrary">
<arg>${locators.genre}</arg>
<doc>Click the element identified by ``locator``.</doc>
<msg timestamp="20211023 21:54:17.843" level="INFO">Clicking element '//label[contains(@for,'id_gender1')]'.</msg>
<status status="PASS" starttime="20211023 21:54:17.842" endtime="20211023 21:54:17.884"/>
</kw>
<kw name="Input Text" library="SeleniumLibrary">
<arg>//*[@id="customer_firstname"]</arg>
<arg>${INFO.F_name}</arg>
<doc>Types the given ``text`` into the text field identified by ``locator``.</doc>
<msg timestamp="20211023 21:54:17.885" level="INFO">Typing text 'Thiago' into text field '//*[@id="customer_firstname"]'.</msg>
<status status="PASS" starttime="20211023 21:54:17.884" endtime="20211023 21:54:17.965"/>
</kw>
<kw name="Wait Until Element Is Visible" library="SeleniumLibrary">
<arg>(//input[@data-validate='isName'])[1]</arg>
<doc>Waits until the element ``locator`` is visible.</doc>
<status status="PASS" starttime="20211023 21:54:17.965" endtime="20211023 21:54:17.987"/>
</kw>
<kw name="Input Text" library="SeleniumLibrary">
<arg>//*[@id="customer_lastname"]</arg>
<arg>${INFO.L_name}</arg>
<doc>Types the given ``text`` into the text field identified by ``locator``.</doc>
<msg timestamp="20211023 21:54:17.988" level="INFO">Typing text 'Bassakin' into text field '//*[@id="customer_lastname"]'.</msg>
<status status="PASS" starttime="20211023 21:54:17.987" endtime="20211023 21:54:18.061"/>
</kw>
<kw name="Wait Until Element Is Visible" library="SeleniumLibrary">
<arg>(//input[@data-validate='isName'])[2]</arg>
<doc>Waits until the element ``locator`` is visible.</doc>
<status status="PASS" starttime="20211023 21:54:18.062" endtime="20211023 21:54:18.080"/>
</kw>
<kw name="Click Element" library="SeleniumLibrary">
<arg>//*[@id="email"]</arg>
<doc>Click the element identified by ``locator``.</doc>
<msg timestamp="20211023 21:54:18.080" level="INFO">Clicking element '//*[@id="email"]'.</msg>
<status status="PASS" starttime="20211023 21:54:18.080" endtime="20211023 21:54:18.125"/>
</kw>
<kw name="Wait Until Element Is Visible" library="SeleniumLibrary">
<arg>(//input[@name='email'])[1]</arg>
<doc>Waits until the element ``locator`` is visible.</doc>
<status status="PASS" starttime="20211023 21:54:18.126" endtime="20211023 21:54:18.145"/>
</kw>
<kw name="Input Password" library="SeleniumLibrary">
<arg>//*[@id="passwd"]</arg>
<arg>${INFO.Password}</arg>
<doc>Types the given password into the text field identified by ``locator``.</doc>
<msg timestamp="20211023 21:54:18.146" level="INFO">Typing password into text field '//*[@id="passwd"]'.</msg>
<msg timestamp="20211023 21:54:18.181" level="INFO">Temporally setting log level to: NONE</msg>
<msg timestamp="20211023 21:54:18.218" level="INFO">Log level changed from NONE to INFO.</msg>
<status status="PASS" starttime="20211023 21:54:18.146" endtime="20211023 21:54:18.218"/>
</kw>
<kw name="Wait Until Element Is Visible" library="SeleniumLibrary">
<arg>(//input[@class='is_required validate form-control'])[4]</arg>
<doc>Waits until the element ``locator`` is visible.</doc>
<status status="PASS" starttime="20211023 21:54:18.218" endtime="20211023 21:54:18.236"/>
</kw>
<kw name="Click Element" library="SeleniumLibrary">
<arg>//*[@id="days"]</arg>
<doc>Click the element identified by ``locator``.</doc>
<msg timestamp="20211023 21:54:18.236" level="INFO">Clicking element '//*[@id="days"]'.</msg>
<status status="PASS" starttime="20211023 21:54:18.236" endtime="20211023 21:54:18.392"/>
</kw>
<kw name="Wait Until Element Is Visible" library="SeleniumLibrary">
<arg>//*[@id="days"]/option[22]</arg>
<doc>Waits until the element ``locator`` is visible.</doc>
<status status="PASS" starttime="20211023 21:54:18.392" endtime="20211023 21:54:18.419"/>
</kw>
<kw name="Click Element" library="SeleniumLibrary">
<arg>//*[@id="days"]/option[22]</arg>
<doc>Click the element identified by ``locator``.</doc>
<msg timestamp="20211023 21:54:18.419" level="INFO">Clicking element '//*[@id="days"]/option[22]'.</msg>
<status status="PASS" starttime="20211023 21:54:18.419" endtime="20211023 21:54:18.445"/>
</kw>
<kw name="Click Element" library="SeleniumLibrary">
<arg>//*[@id="months"]</arg>
<doc>Click the element identified by ``locator``.</doc>
<msg timestamp="20211023 21:54:18.445" level="INFO">Clicking element '//*[@id="months"]'.</msg>
<status status="PASS" starttime="20211023 21:54:18.445" endtime="20211023 21:54:18.569"/>
</kw>
<kw name="Wait Until Element Is Visible" library="SeleniumLibrary">
<arg>//*[@id="months"]/option[11]</arg>
<doc>Waits until the element ``locator`` is visible.</doc>
<status status="PASS" starttime="20211023 21:54:18.570" endtime="20211023 21:54:18.590"/>
</kw>
<kw name="Click Element" library="SeleniumLibrary">
<arg>//*[@id="months"]/option[11]</arg>
<doc>Click the element identified by ``locator``.</doc>
<msg timestamp="20211023 21:54:18.590" level="INFO">Clicking element '//*[@id="months"]/option[11]'.</msg>
<status status="PASS" starttime="20211023 21:54:18.590" endtime="20211023 21:54:18.620"/>
</kw>
<kw name="Click Element" library="SeleniumLibrary">
<arg>//*[@id="years"]</arg>
<doc>Click the element identified by ``locator``.</doc>
<msg timestamp="20211023 21:54:18.620" level="INFO">Clicking element '//*[@id="years"]'.</msg>
<status status="PASS" starttime="20211023 21:54:18.620" endtime="20211023 21:54:18.738"/>
</kw>
<kw name="Wait Until Element Is Visible" library="SeleniumLibrary">
<arg>//*[@id="years"]/option[24]</arg>
<doc>Waits until the element ``locator`` is visible.</doc>
<status status="PASS" starttime="20211023 21:54:18.738" endtime="20211023 21:54:18.765"/>
</kw>
<kw name="Click Element" library="SeleniumLibrary">
<arg>//*[@id="years"]/option[24]</arg>
<doc>Click the element identified by ``locator``.</doc>
<msg timestamp="20211023 21:54:18.766" level="INFO">Clicking element '//*[@id="years"]/option[24]'.</msg>
<status status="PASS" starttime="20211023 21:54:18.765" endtime="20211023 21:54:18.806"/>
</kw>
<kw name="Input Text" library="SeleniumLibrary">
<arg>//*[@id="firstname"]</arg>
<arg>${INFO.F_name}</arg>
<doc>Types the given ``text`` into the text field identified by ``locator``.</doc>
<msg timestamp="20211023 21:54:18.807" level="INFO">Typing text 'Thiago' into text field '//*[@id="firstname"]'.</msg>
<status status="PASS" starttime="20211023 21:54:18.806" endtime="20211023 21:54:18.903"/>
</kw>
<kw name="Input Text" library="SeleniumLibrary">
<arg>//*[@id="lastname"]</arg>
<arg>${INFO.L_name}</arg>
<doc>Types the given ``text`` into the text field identified by ``locator``.</doc>
<msg timestamp="20211023 21:54:18.904" level="INFO">Typing text 'Bassakin' into text field '//*[@id="lastname"]'.</msg>
<status status="PASS" starttime="20211023 21:54:18.903" endtime="20211023 21:54:18.978"/>
</kw>
<kw name="Input Text" library="SeleniumLibrary">
<arg>//*[@id="address1"]</arg>
<arg>${INFO.endereço}</arg>
<doc>Types the given ``text`` into the text field identified by ``locator``.</doc>
<msg timestamp="20211023 21:54:18.979" level="INFO">Typing text 'minhacasa' into text field '//*[@id="address1"]'.</msg>
<status status="PASS" starttime="20211023 21:54:18.978" endtime="20211023 21:54:19.063"/>
</kw>
<kw name="Input Text" library="SeleniumLibrary">
<arg>//*[@id="city"]</arg>
<arg>${INFO.cidade}</arg>
<doc>Types the given ``text`` into the text field identified by ``locator``.</doc>
<msg timestamp="20211023 21:54:19.064" level="INFO">Typing text 'minha cidade' into text field '//*[@id="city"]'.</msg>
<status status="PASS" starttime="20211023 21:54:19.063" endtime="20211023 21:54:19.141"/>
</kw>
<kw name="Click Element" library="SeleniumLibrary">
<arg>//*[@id="id_state"]</arg>
<doc>Click the element identified by ``locator``.</doc>
<msg timestamp="20211023 21:54:19.141" level="INFO">Clicking element '//*[@id="id_state"]'.</msg>
<status status="PASS" starttime="20211023 21:54:19.141" endtime="20211023 21:54:19.251"/>
</kw>
<kw name="Wait Until Element Is Visible" library="SeleniumLibrary">
<arg>//*[@id="id_state"]/option[46]</arg>
<doc>Waits until the element ``locator`` is visible.</doc>
<status status="PASS" starttime="20211023 21:54:19.251" endtime="20211023 21:54:19.275"/>
</kw>
<kw name="Click Element" library="SeleniumLibrary">
<arg>//*[@id="id_state"]/option[46]</arg>
<doc>Click the element identified by ``locator``.</doc>
<msg timestamp="20211023 21:54:19.276" level="INFO">Clicking element '//*[@id="id_state"]/option[46]'.</msg>
<status status="PASS" starttime="20211023 21:54:19.276" endtime="20211023 21:54:19.308"/>
</kw>
<kw name="Input Text" library="SeleniumLibrary">
<arg>//*[@id="postcode"]</arg>
<arg>${INFO.postalcode}</arg>
<doc>Types the given ``text`` into the text field identified by ``locator``.</doc>
<msg timestamp="20211023 21:54:19.309" level="INFO">Typing text 'DY2 8JU' into text field '//*[@id="postcode"]'.</msg>
<status status="PASS" starttime="20211023 21:54:19.308" endtime="20211023 21:54:19.401"/>
</kw>
<kw name="Input Text" library="SeleniumLibrary">
<arg>//*[@id="phone_mobile"]</arg>
<arg>${INFO.fone}</arg>
<doc>Types the given ``text`` into the text field identified by ``locator``.</doc>
<msg timestamp="20211023 21:54:19.402" level="INFO">Typing text '11999999999' into text field '//*[@id="phone_mobile"]'.</msg>
<status status="PASS" starttime="20211023 21:54:19.401" endtime="20211023 21:54:19.483"/>
</kw>
<kw name="Input Text" library="SeleniumLibrary">
<arg>//input[@id='alias']</arg>
<arg>${INFO.endereço}</arg>
<doc>Types the given ``text`` into the text field identified by ``locator``.</doc>
<msg timestamp="20211023 21:54:19.484" level="INFO">Typing text 'minhacasa' into text field '//input[@id='alias']'.</msg>
<status status="PASS" starttime="20211023 21:54:19.483" endtime="20211023 21:54:19.560"/>
</kw>
<status status="PASS" starttime="20211023 21:54:17.842" endtime="20211023 21:54:19.561"/>
</kw>
<status status="PASS" starttime="20211023 21:54:06.122" endtime="20211023 21:54:19.561"/>
</test>
<status status="PASS" starttime="20211023 21:54:05.852" endtime="20211023 21:54:19.563"/>
</suite>
<statistics>
<total>
<stat pass="1" fail="0" skip="0">All Tests</stat>
</total>
<tag>
</tag>
<suite>
<stat pass="1" fail="0" skip="0" id="s1" name="Exercicioweb4">Exercicioweb4</stat>
</suite>
</statistics>
<errors>
</errors>
</robot>
